Analysis & Synthesis report for jogo_desafio_memoria
Thu Mar 20 14:50:58 2025
Quartus Prime Version 20.1.1 Build 720 11/11/2020 SJ Lite Edition


---------------------
; Table of Contents ;
---------------------
  1. Legal Notice
  2. Analysis & Synthesis Summary
  3. Analysis & Synthesis Settings
  4. Parallel Compilation
  5. Analysis & Synthesis Source Files Read
  6. Analysis & Synthesis Resource Usage Summary
  7. Analysis & Synthesis Resource Utilization by Entity
  8. State Machine - |jogo_desafio_memoria|unidade_controle:unidade_controle|Eatual
  9. Registers Removed During Synthesis
 10. General Register Statistics
 11. Inverted Register Statistics
 12. Multiplexer Restructuring Statistics (Restructuring Performed)
 13. Parameter Settings for User Entity Instance: unidade_controle:unidade_controle
 14. Port Connectivity Checks: "fluxo_dados:fluxo_dados|registrador_8:reg_botoes"
 15. Port Connectivity Checks: "fluxo_dados:fluxo_dados|comparador_85:comparador_nivel"
 16. Port Connectivity Checks: "fluxo_dados:fluxo_dados|contador_163:contador_nivel"
 17. Post-Synthesis Netlist Statistics for Top Partition
 18. Elapsed Time Per Partition
 19. Analysis & Synthesis Messages
 20. Analysis & Synthesis Suppressed Messages



----------------
; Legal Notice ;
----------------
Copyright (C) 2020  Intel Corporation. All rights reserved.
Your use of Intel Corporation's design tools, logic functions 
and other software and tools, and any partner logic 
functions, and any output files from any of the foregoing 
(including device programming or simulation files), and any 
associated documentation or information are expressly subject 
to the terms and conditions of the Intel Program License 
Subscription Agreement, the Intel Quartus Prime License Agreement,
the Intel FPGA IP License Agreement, or other applicable license
agreement, including, without limitation, that your use is for
the sole purpose of programming logic devices manufactured by
Intel and sold by Intel or its authorized distributors.  Please
refer to the applicable agreement for further details, at
https://fpgasoftware.intel.com/eula.



+-------------------------------------------------------------------------------+
; Analysis & Synthesis Summary                                                  ;
+---------------------------------+---------------------------------------------+
; Analysis & Synthesis Status     ; Successful - Thu Mar 20 14:50:58 2025       ;
; Quartus Prime Version           ; 20.1.1 Build 720 11/11/2020 SJ Lite Edition ;
; Revision Name                   ; jogo_desafio_memoria                        ;
; Top-level Entity Name           ; jogo_desafio_memoria                        ;
; Family                          ; Cyclone V                                   ;
; Logic utilization (in ALMs)     ; N/A                                         ;
; Total registers                 ; 43                                          ;
; Total pins                      ; 49                                          ;
; Total virtual pins              ; 0                                           ;
; Total block memory bits         ; 0                                           ;
; Total DSP Blocks                ; 0                                           ;
; Total HSSI RX PCSs              ; 0                                           ;
; Total HSSI PMA RX Deserializers ; 0                                           ;
; Total HSSI TX PCSs              ; 0                                           ;
; Total HSSI PMA TX Serializers   ; 0                                           ;
; Total PLLs                      ; 0                                           ;
; Total DLLs                      ; 0                                           ;
+---------------------------------+---------------------------------------------+


+-------------------------------------------------------------------------------------------------------------------------------+
; Analysis & Synthesis Settings                                                                                                 ;
+---------------------------------------------------------------------------------+----------------------+----------------------+
; Option                                                                          ; Setting              ; Default Value        ;
+---------------------------------------------------------------------------------+----------------------+----------------------+
; Device                                                                          ; 5CEBA4F23C7          ;                      ;
; Top-level entity name                                                           ; jogo_desafio_memoria ; jogo_desafio_memoria ;
; Family name                                                                     ; Cyclone V            ; Cyclone V            ;
; Use smart compilation                                                           ; Off                  ; Off                  ;
; Enable parallel Assembler and Timing Analyzer during compilation                ; On                   ; On                   ;
; Enable compact report table                                                     ; Off                  ; Off                  ;
; Restructure Multiplexers                                                        ; Auto                 ; Auto                 ;
; MLAB Add Timing Constraints For Mixed-Port Feed-Through Mode Setting Don't Care ; Off                  ; Off                  ;
; Create Debugging Nodes for IP Cores                                             ; Off                  ; Off                  ;
; Preserve fewer node names                                                       ; On                   ; On                   ;
; Intel FPGA IP Evaluation Mode                                                   ; Enable               ; Enable               ;
; Verilog Version                                                                 ; Verilog_2001         ; Verilog_2001         ;
; VHDL Version                                                                    ; VHDL_1993            ; VHDL_1993            ;
; State Machine Processing                                                        ; Auto                 ; Auto                 ;
; Safe State Machine                                                              ; Off                  ; Off                  ;
; Extract Verilog State Machines                                                  ; On                   ; On                   ;
; Extract VHDL State Machines                                                     ; On                   ; On                   ;
; Ignore Verilog initial constructs                                               ; Off                  ; Off                  ;
; Iteration limit for constant Verilog loops                                      ; 5000                 ; 5000                 ;
; Iteration limit for non-constant Verilog loops                                  ; 250                  ; 250                  ;
; Add Pass-Through Logic to Inferred RAMs                                         ; On                   ; On                   ;
; Infer RAMs from Raw Logic                                                       ; On                   ; On                   ;
; Parallel Synthesis                                                              ; On                   ; On                   ;
; DSP Block Balancing                                                             ; Auto                 ; Auto                 ;
; NOT Gate Push-Back                                                              ; On                   ; On                   ;
; Power-Up Don't Care                                                             ; On                   ; On                   ;
; Remove Redundant Logic Cells                                                    ; Off                  ; Off                  ;
; Remove Duplicate Registers                                                      ; On                   ; On                   ;
; Ignore CARRY Buffers                                                            ; Off                  ; Off                  ;
; Ignore CASCADE Buffers                                                          ; Off                  ; Off                  ;
; Ignore GLOBAL Buffers                                                           ; Off                  ; Off                  ;
; Ignore ROW GLOBAL Buffers                                                       ; Off                  ; Off                  ;
; Ignore LCELL Buffers                                                            ; Off                  ; Off                  ;
; Ignore SOFT Buffers                                                             ; On                   ; On                   ;
; Limit AHDL Integers to 32 Bits                                                  ; Off                  ; Off                  ;
; Optimization Technique                                                          ; Balanced             ; Balanced             ;
; Carry Chain Length                                                              ; 70                   ; 70                   ;
; Auto Carry Chains                                                               ; On                   ; On                   ;
; Auto Open-Drain Pins                                                            ; On                   ; On                   ;
; Perform WYSIWYG Primitive Resynthesis                                           ; Off                  ; Off                  ;
; Auto ROM Replacement                                                            ; On                   ; On                   ;
; Auto RAM Replacement                                                            ; On                   ; On                   ;
; Auto DSP Block Replacement                                                      ; On                   ; On                   ;
; Auto Shift Register Replacement                                                 ; Auto                 ; Auto                 ;
; Allow Shift Register Merging across Hierarchies                                 ; Auto                 ; Auto                 ;
; Auto Clock Enable Replacement                                                   ; On                   ; On                   ;
; Strict RAM Replacement                                                          ; Off                  ; Off                  ;
; Allow Synchronous Control Signals                                               ; On                   ; On                   ;
; Force Use of Synchronous Clear Signals                                          ; Off                  ; Off                  ;
; Auto Resource Sharing                                                           ; Off                  ; Off                  ;
; Allow Any RAM Size For Recognition                                              ; Off                  ; Off                  ;
; Allow Any ROM Size For Recognition                                              ; Off                  ; Off                  ;
; Allow Any Shift Register Size For Recognition                                   ; Off                  ; Off                  ;
; Use LogicLock Constraints during Resource Balancing                             ; On                   ; On                   ;
; Ignore translate_off and synthesis_off directives                               ; Off                  ; Off                  ;
; Timing-Driven Synthesis                                                         ; On                   ; On                   ;
; Report Parameter Settings                                                       ; On                   ; On                   ;
; Report Source Assignments                                                       ; On                   ; On                   ;
; Report Connectivity Checks                                                      ; On                   ; On                   ;
; Ignore Maximum Fan-Out Assignments                                              ; Off                  ; Off                  ;
; Synchronization Register Chain Length                                           ; 3                    ; 3                    ;
; Power Optimization During Synthesis                                             ; Normal compilation   ; Normal compilation   ;
; HDL message level                                                               ; Level2               ; Level2               ;
; Suppress Register Optimization Related Messages                                 ; Off                  ; Off                  ;
; Number of Removed Registers Reported in Synthesis Report                        ; 5000                 ; 5000                 ;
; Number of Swept Nodes Reported in Synthesis Report                              ; 5000                 ; 5000                 ;
; Number of Inverted Registers Reported in Synthesis Report                       ; 100                  ; 100                  ;
; Clock MUX Protection                                                            ; On                   ; On                   ;
; Auto Gated Clock Conversion                                                     ; Off                  ; Off                  ;
; Block Design Naming                                                             ; Auto                 ; Auto                 ;
; SDC constraint protection                                                       ; Off                  ; Off                  ;
; Synthesis Effort                                                                ; Auto                 ; Auto                 ;
; Shift Register Replacement - Allow Asynchronous Clear Signal                    ; On                   ; On                   ;
; Pre-Mapping Resynthesis Optimization                                            ; Off                  ; Off                  ;
; Analysis & Synthesis Message Level                                              ; Medium               ; Medium               ;
; Disable Register Merging Across Hierarchies                                     ; Auto                 ; Auto                 ;
; Resource Aware Inference For Block RAM                                          ; On                   ; On                   ;
; Automatic Parallel Synthesis                                                    ; On                   ; On                   ;
; Partial Reconfiguration Bitstream ID                                            ; Off                  ; Off                  ;
+---------------------------------------------------------------------------------+----------------------+----------------------+


+------------------------------------------+
; Parallel Compilation                     ;
+----------------------------+-------------+
; Processors                 ; Number      ;
+----------------------------+-------------+
; Number detected on machine ; 8           ;
; Maximum allowed            ; 4           ;
;                            ;             ;
; Average used               ; 1.00        ;
; Maximum used               ; 4           ;
;                            ;             ;
; Usage by Processor         ; % Time Used ;
;     Processor 1            ; 100.0%      ;
;     Processors 2-4         ;   0.0%      ;
+----------------------------+-------------+


+----------------------------------------------------------------------------------------------------------------------------------------------------------------------------------------------------------------------------------------------------------------------------------------------------------+
; Analysis & Synthesis Source Files Read                                                                                                                                                                                                                                                                   ;
+--------------------------------------------------------------------------------------------------------------------------+-----------------+------------------------+--------------------------------------------------------------------------------------------------------------------------+---------+
; File Name with User-Entered Path                                                                                         ; Used in Netlist ; File Type              ; File Name with Absolute Path                                                                                             ; Library ;
+--------------------------------------------------------------------------------------------------------------------------+-----------------+------------------------+--------------------------------------------------------------------------------------------------------------------------+---------+
; //wsl.localhost/Ubuntu/home/pacha/labdig/Puzzle-Matriz-LEDs/Quartus/jogo_desafio_memoria_restored/registrador_8.v        ; yes             ; User Verilog HDL File  ; //wsl.localhost/Ubuntu/home/pacha/labdig/Puzzle-Matriz-LEDs/Quartus/jogo_desafio_memoria_restored/registrador_8.v        ;         ;
; //wsl.localhost/Ubuntu/home/pacha/labdig/Puzzle-Matriz-LEDs/Quartus/jogo_desafio_memoria_restored/unidade_controle.v     ; yes             ; User Verilog HDL File  ; //wsl.localhost/Ubuntu/home/pacha/labdig/Puzzle-Matriz-LEDs/Quartus/jogo_desafio_memoria_restored/unidade_controle.v     ;         ;
; //wsl.localhost/Ubuntu/home/pacha/labdig/Puzzle-Matriz-LEDs/Quartus/jogo_desafio_memoria_restored/matriz_leds.v          ; yes             ; User Verilog HDL File  ; //wsl.localhost/Ubuntu/home/pacha/labdig/Puzzle-Matriz-LEDs/Quartus/jogo_desafio_memoria_restored/matriz_leds.v          ;         ;
; //wsl.localhost/Ubuntu/home/pacha/labdig/Puzzle-Matriz-LEDs/Quartus/jogo_desafio_memoria_restored/jogo_desafio_memoria.v ; yes             ; User Verilog HDL File  ; //wsl.localhost/Ubuntu/home/pacha/labdig/Puzzle-Matriz-LEDs/Quartus/jogo_desafio_memoria_restored/jogo_desafio_memoria.v ;         ;
; //wsl.localhost/Ubuntu/home/pacha/labdig/Puzzle-Matriz-LEDs/Quartus/jogo_desafio_memoria_restored/hexa7seg_mod.v         ; yes             ; User Verilog HDL File  ; //wsl.localhost/Ubuntu/home/pacha/labdig/Puzzle-Matriz-LEDs/Quartus/jogo_desafio_memoria_restored/hexa7seg_mod.v         ;         ;
; //wsl.localhost/Ubuntu/home/pacha/labdig/Puzzle-Matriz-LEDs/Quartus/jogo_desafio_memoria_restored/hexa7seg_ent8bit.v     ; yes             ; User Verilog HDL File  ; //wsl.localhost/Ubuntu/home/pacha/labdig/Puzzle-Matriz-LEDs/Quartus/jogo_desafio_memoria_restored/hexa7seg_ent8bit.v     ;         ;
; //wsl.localhost/Ubuntu/home/pacha/labdig/Puzzle-Matriz-LEDs/Quartus/jogo_desafio_memoria_restored/hexa7seg_ent3bit.v     ; yes             ; User Verilog HDL File  ; //wsl.localhost/Ubuntu/home/pacha/labdig/Puzzle-Matriz-LEDs/Quartus/jogo_desafio_memoria_restored/hexa7seg_ent3bit.v     ;         ;
; //wsl.localhost/Ubuntu/home/pacha/labdig/Puzzle-Matriz-LEDs/Quartus/jogo_desafio_memoria_restored/fluxo_dados.v          ; yes             ; User Verilog HDL File  ; //wsl.localhost/Ubuntu/home/pacha/labdig/Puzzle-Matriz-LEDs/Quartus/jogo_desafio_memoria_restored/fluxo_dados.v          ;         ;
; //wsl.localhost/Ubuntu/home/pacha/labdig/Puzzle-Matriz-LEDs/Quartus/jogo_desafio_memoria_restored/edge_detector_global.v ; yes             ; User Verilog HDL File  ; //wsl.localhost/Ubuntu/home/pacha/labdig/Puzzle-Matriz-LEDs/Quartus/jogo_desafio_memoria_restored/edge_detector_global.v ;         ;
; //wsl.localhost/Ubuntu/home/pacha/labdig/Puzzle-Matriz-LEDs/Quartus/jogo_desafio_memoria_restored/contador_163.v         ; yes             ; User Verilog HDL File  ; //wsl.localhost/Ubuntu/home/pacha/labdig/Puzzle-Matriz-LEDs/Quartus/jogo_desafio_memoria_restored/contador_163.v         ;         ;
; //wsl.localhost/Ubuntu/home/pacha/labdig/Puzzle-Matriz-LEDs/Quartus/jogo_desafio_memoria_restored/comparador_85.v        ; yes             ; User Verilog HDL File  ; //wsl.localhost/Ubuntu/home/pacha/labdig/Puzzle-Matriz-LEDs/Quartus/jogo_desafio_memoria_restored/comparador_85.v        ;         ;
+--------------------------------------------------------------------------------------------------------------------------+-----------------+------------------------+--------------------------------------------------------------------------------------------------------------------------+---------+


+-----------------------------------------------------------+
; Analysis & Synthesis Resource Usage Summary               ;
+---------------------------------------------+-------------+
; Resource                                    ; Usage       ;
+---------------------------------------------+-------------+
; Estimate of Logic utilization (ALMs needed) ; 53          ;
;                                             ;             ;
; Combinational ALUT usage for logic          ; 86          ;
;     -- 7 input functions                    ; 0           ;
;     -- 6 input functions                    ; 18          ;
;     -- 5 input functions                    ; 16          ;
;     -- 4 input functions                    ; 19          ;
;     -- <=3 input functions                  ; 33          ;
;                                             ;             ;
; Dedicated logic registers                   ; 43          ;
;                                             ;             ;
; I/O pins                                    ; 49          ;
;                                             ;             ;
; Total DSP Blocks                            ; 0           ;
;                                             ;             ;
; Maximum fan-out node                        ; clock~input ;
; Maximum fan-out                             ; 43          ;
; Total fan-out                               ; 549         ;
; Average fan-out                             ; 2.42        ;
+---------------------------------------------+-------------+


+-------------------------------------------------------------------------------------------------------------------------------------------------------------------------------------------------------------------------------------------------------------------+
; Analysis & Synthesis Resource Utilization by Entity                                                                                                                                                                                                               ;
+----------------------------------------+---------------------+---------------------------+-------------------+------------+------+--------------+---------------------------------------------------------------------------+----------------------+--------------+
; Compilation Hierarchy Node             ; Combinational ALUTs ; Dedicated Logic Registers ; Block Memory Bits ; DSP Blocks ; Pins ; Virtual Pins ; Full Hierarchy Name                                                       ; Entity Name          ; Library Name ;
+----------------------------------------+---------------------+---------------------------+-------------------+------------+------+--------------+---------------------------------------------------------------------------+----------------------+--------------+
; |jogo_desafio_memoria                  ; 86 (0)              ; 43 (0)                    ; 0                 ; 0          ; 49   ; 0            ; |jogo_desafio_memoria                                                     ; jogo_desafio_memoria ; work         ;
;    |fluxo_dados:fluxo_dados|           ; 42 (0)              ; 36 (0)                    ; 0                 ; 0          ; 0    ; 0            ; |jogo_desafio_memoria|fluxo_dados:fluxo_dados                             ; fluxo_dados          ; work         ;
;       |contador_163:contador_nivel|    ; 4 (4)               ; 3 (3)                     ; 0                 ; 0          ; 0    ; 0            ; |jogo_desafio_memoria|fluxo_dados:fluxo_dados|contador_163:contador_nivel ; contador_163         ; work         ;
;       |edge_detector_global:edging|    ; 8 (8)               ; 16 (16)                   ; 0                 ; 0          ; 0    ; 0            ; |jogo_desafio_memoria|fluxo_dados:fluxo_dados|edge_detector_global:edging ; edge_detector_global ; work         ;
;       |matriz_leds:matriz|             ; 30 (30)             ; 17 (17)                   ; 0                 ; 0          ; 0    ; 0            ; |jogo_desafio_memoria|fluxo_dados:fluxo_dados|matriz_leds:matriz          ; matriz_leds          ; work         ;
;    |hexa7seg_ent3bit:HEX0|             ; 7 (7)               ; 0 (0)                     ; 0                 ; 0          ; 0    ; 0            ; |jogo_desafio_memoria|hexa7seg_ent3bit:HEX0                               ; hexa7seg_ent3bit     ; work         ;
;    |hexa7seg_ent8bit:HEX1|             ; 22 (22)             ; 0 (0)                     ; 0                 ; 0          ; 0    ; 0            ; |jogo_desafio_memoria|hexa7seg_ent8bit:HEX1                               ; hexa7seg_ent8bit     ; work         ;
;    |hexa7seg_mod:HEX2|                 ; 7 (7)               ; 0 (0)                     ; 0                 ; 0          ; 0    ; 0            ; |jogo_desafio_memoria|hexa7seg_mod:HEX2                                   ; hexa7seg_mod         ; work         ;
;    |unidade_controle:unidade_controle| ; 8 (8)               ; 7 (7)                     ; 0                 ; 0          ; 0    ; 0            ; |jogo_desafio_memoria|unidade_controle:unidade_controle                   ; unidade_controle     ; work         ;
+----------------------------------------+---------------------+---------------------------+-------------------+------------+------+--------------+---------------------------------------------------------------------------+----------------------+--------------+
Note: For table entries with two numbers listed, the numbers in parentheses indicate the number of resources of the given type used by the specific entity alone. The numbers listed outside of parentheses indicate the total resources of the given type used by the specific entity and all of its sub-entities in the hierarchy.


Encoding Type:  One-Hot
+----------------------------------------------------------------------------------------------------------------------------------------------------------------------------+
; State Machine - |jogo_desafio_memoria|unidade_controle:unidade_controle|Eatual                                                                                             ;
+---------------------------+-------------------+----------------------+---------------------------+----------------+-------------------+-------------------+----------------+
; Name                      ; Eatual.est_ganhou ; Eatual.proximo_nivel ; Eatual.checa_ultimo_nivel ; Eatual.jogando ; Eatual.inic_nivel ; Eatual.preparacao ; Eatual.inicial ;
+---------------------------+-------------------+----------------------+---------------------------+----------------+-------------------+-------------------+----------------+
; Eatual.inicial            ; 0                 ; 0                    ; 0                         ; 0              ; 0                 ; 0                 ; 0              ;
; Eatual.preparacao         ; 0                 ; 0                    ; 0                         ; 0              ; 0                 ; 1                 ; 1              ;
; Eatual.inic_nivel         ; 0                 ; 0                    ; 0                         ; 0              ; 1                 ; 0                 ; 1              ;
; Eatual.jogando            ; 0                 ; 0                    ; 0                         ; 1              ; 0                 ; 0                 ; 1              ;
; Eatual.checa_ultimo_nivel ; 0                 ; 0                    ; 1                         ; 0              ; 0                 ; 0                 ; 1              ;
; Eatual.proximo_nivel      ; 0                 ; 1                    ; 0                         ; 0              ; 0                 ; 0                 ; 1              ;
; Eatual.est_ganhou         ; 1                 ; 0                    ; 0                         ; 0              ; 0                 ; 0                 ; 1              ;
+---------------------------+-------------------+----------------------+---------------------------+----------------+-------------------+-------------------+----------------+


+---------------------------------------------------------------------------------------------------------------------------------------------------+
; Registers Removed During Synthesis                                                                                                                ;
+--------------------------------------------------------------+------------------------------------------------------------------------------------+
; Register name                                                ; Reason for Removal                                                                 ;
+--------------------------------------------------------------+------------------------------------------------------------------------------------+
; fluxo_dados:fluxo_dados|matriz_leds:matriz|estado_leds[7][6] ; Merged with fluxo_dados:fluxo_dados|matriz_leds:matriz|estado_leds[7][7]           ;
; fluxo_dados:fluxo_dados|matriz_leds:matriz|estado_leds[6][7] ; Merged with fluxo_dados:fluxo_dados|matriz_leds:matriz|estado_leds[7][7]           ;
; fluxo_dados:fluxo_dados|matriz_leds:matriz|estado_leds[6][6] ; Merged with fluxo_dados:fluxo_dados|matriz_leds:matriz|estado_leds[7][7]           ;
; fluxo_dados:fluxo_dados|matriz_leds:matriz|estado_leds[5][7] ; Merged with fluxo_dados:fluxo_dados|matriz_leds:matriz|estado_leds[7][7]           ;
; fluxo_dados:fluxo_dados|matriz_leds:matriz|estado_leds[5][6] ; Merged with fluxo_dados:fluxo_dados|matriz_leds:matriz|estado_leds[7][7]           ;
; fluxo_dados:fluxo_dados|matriz_leds:matriz|estado_leds[7][4] ; Merged with fluxo_dados:fluxo_dados|matriz_leds:matriz|estado_leds[7][5]           ;
; fluxo_dados:fluxo_dados|matriz_leds:matriz|estado_leds[7][3] ; Merged with fluxo_dados:fluxo_dados|matriz_leds:matriz|estado_leds[7][5]           ;
; fluxo_dados:fluxo_dados|matriz_leds:matriz|estado_leds[6][5] ; Merged with fluxo_dados:fluxo_dados|matriz_leds:matriz|estado_leds[7][5]           ;
; fluxo_dados:fluxo_dados|matriz_leds:matriz|estado_leds[6][4] ; Merged with fluxo_dados:fluxo_dados|matriz_leds:matriz|estado_leds[7][5]           ;
; fluxo_dados:fluxo_dados|matriz_leds:matriz|estado_leds[6][3] ; Merged with fluxo_dados:fluxo_dados|matriz_leds:matriz|estado_leds[7][5]           ;
; fluxo_dados:fluxo_dados|matriz_leds:matriz|estado_leds[5][5] ; Merged with fluxo_dados:fluxo_dados|matriz_leds:matriz|estado_leds[7][5]           ;
; fluxo_dados:fluxo_dados|matriz_leds:matriz|estado_leds[5][4] ; Merged with fluxo_dados:fluxo_dados|matriz_leds:matriz|estado_leds[7][5]           ;
; fluxo_dados:fluxo_dados|matriz_leds:matriz|estado_leds[7][1] ; Merged with fluxo_dados:fluxo_dados|matriz_leds:matriz|estado_leds[7][2]           ;
; fluxo_dados:fluxo_dados|matriz_leds:matriz|estado_leds[7][0] ; Merged with fluxo_dados:fluxo_dados|matriz_leds:matriz|estado_leds[7][2]           ;
; fluxo_dados:fluxo_dados|matriz_leds:matriz|estado_leds[6][2] ; Merged with fluxo_dados:fluxo_dados|matriz_leds:matriz|estado_leds[7][2]           ;
; fluxo_dados:fluxo_dados|matriz_leds:matriz|estado_leds[5][3] ; Merged with fluxo_dados:fluxo_dados|matriz_leds:matriz|estado_leds[7][2]           ;
; fluxo_dados:fluxo_dados|matriz_leds:matriz|estado_leds[5][2] ; Merged with fluxo_dados:fluxo_dados|matriz_leds:matriz|estado_leds[7][2]           ;
; fluxo_dados:fluxo_dados|matriz_leds:matriz|estado_leds[4][2] ; Merged with fluxo_dados:fluxo_dados|matriz_leds:matriz|estado_leds[7][2]           ;
; fluxo_dados:fluxo_dados|matriz_leds:matriz|estado_leds[6][0] ; Merged with fluxo_dados:fluxo_dados|matriz_leds:matriz|estado_leds[6][1]           ;
; fluxo_dados:fluxo_dados|matriz_leds:matriz|estado_leds[5][1] ; Merged with fluxo_dados:fluxo_dados|matriz_leds:matriz|estado_leds[6][1]           ;
; fluxo_dados:fluxo_dados|matriz_leds:matriz|estado_leds[5][0] ; Merged with fluxo_dados:fluxo_dados|matriz_leds:matriz|estado_leds[6][1]           ;
; fluxo_dados:fluxo_dados|matriz_leds:matriz|estado_leds[4][1] ; Merged with fluxo_dados:fluxo_dados|matriz_leds:matriz|estado_leds[6][1]           ;
; fluxo_dados:fluxo_dados|matriz_leds:matriz|estado_leds[4][0] ; Merged with fluxo_dados:fluxo_dados|matriz_leds:matriz|estado_leds[6][1]           ;
; fluxo_dados:fluxo_dados|matriz_leds:matriz|estado_leds[3][2] ; Merged with fluxo_dados:fluxo_dados|matriz_leds:matriz|estado_leds[6][1]           ;
; fluxo_dados:fluxo_dados|matriz_leds:matriz|estado_leds[3][1] ; Merged with fluxo_dados:fluxo_dados|matriz_leds:matriz|estado_leds[6][1]           ;
; fluxo_dados:fluxo_dados|matriz_leds:matriz|estado_leds[3][0] ; Merged with fluxo_dados:fluxo_dados|matriz_leds:matriz|estado_leds[6][1]           ;
; fluxo_dados:fluxo_dados|matriz_leds:matriz|estado_leds[3][7] ; Merged with fluxo_dados:fluxo_dados|matriz_leds:matriz|estado_leds[4][7]           ;
; fluxo_dados:fluxo_dados|matriz_leds:matriz|estado_leds[3][6] ; Merged with fluxo_dados:fluxo_dados|matriz_leds:matriz|estado_leds[4][7]           ;
; fluxo_dados:fluxo_dados|matriz_leds:matriz|estado_leds[2][7] ; Merged with fluxo_dados:fluxo_dados|matriz_leds:matriz|estado_leds[4][7]           ;
; fluxo_dados:fluxo_dados|matriz_leds:matriz|estado_leds[1][7] ; Merged with fluxo_dados:fluxo_dados|matriz_leds:matriz|estado_leds[4][7]           ;
; fluxo_dados:fluxo_dados|matriz_leds:matriz|estado_leds[1][6] ; Merged with fluxo_dados:fluxo_dados|matriz_leds:matriz|estado_leds[4][7]           ;
; fluxo_dados:fluxo_dados|matriz_leds:matriz|estado_leds[0][7] ; Merged with fluxo_dados:fluxo_dados|matriz_leds:matriz|estado_leds[4][7]           ;
; fluxo_dados:fluxo_dados|matriz_leds:matriz|estado_leds[0][6] ; Merged with fluxo_dados:fluxo_dados|matriz_leds:matriz|estado_leds[4][7]           ;
; fluxo_dados:fluxo_dados|matriz_leds:matriz|estado_leds[4][5] ; Merged with fluxo_dados:fluxo_dados|matriz_leds:matriz|estado_leds[4][6]           ;
; fluxo_dados:fluxo_dados|matriz_leds:matriz|estado_leds[4][4] ; Merged with fluxo_dados:fluxo_dados|matriz_leds:matriz|estado_leds[4][6]           ;
; fluxo_dados:fluxo_dados|matriz_leds:matriz|estado_leds[3][5] ; Merged with fluxo_dados:fluxo_dados|matriz_leds:matriz|estado_leds[4][6]           ;
; fluxo_dados:fluxo_dados|matriz_leds:matriz|estado_leds[2][6] ; Merged with fluxo_dados:fluxo_dados|matriz_leds:matriz|estado_leds[4][6]           ;
; fluxo_dados:fluxo_dados|matriz_leds:matriz|estado_leds[2][5] ; Merged with fluxo_dados:fluxo_dados|matriz_leds:matriz|estado_leds[4][6]           ;
; fluxo_dados:fluxo_dados|matriz_leds:matriz|estado_leds[1][5] ; Merged with fluxo_dados:fluxo_dados|matriz_leds:matriz|estado_leds[4][6]           ;
; fluxo_dados:fluxo_dados|matriz_leds:matriz|estado_leds[0][5] ; Merged with fluxo_dados:fluxo_dados|matriz_leds:matriz|estado_leds[4][6]           ;
; fluxo_dados:fluxo_dados|matriz_leds:matriz|estado_leds[3][4] ; Merged with fluxo_dados:fluxo_dados|matriz_leds:matriz|estado_leds[4][3]           ;
; fluxo_dados:fluxo_dados|matriz_leds:matriz|estado_leds[3][3] ; Merged with fluxo_dados:fluxo_dados|matriz_leds:matriz|estado_leds[4][3]           ;
; fluxo_dados:fluxo_dados|matriz_leds:matriz|estado_leds[2][4] ; Merged with fluxo_dados:fluxo_dados|matriz_leds:matriz|estado_leds[4][3]           ;
; fluxo_dados:fluxo_dados|matriz_leds:matriz|estado_leds[2][3] ; Merged with fluxo_dados:fluxo_dados|matriz_leds:matriz|estado_leds[4][3]           ;
; fluxo_dados:fluxo_dados|matriz_leds:matriz|estado_leds[1][4] ; Merged with fluxo_dados:fluxo_dados|matriz_leds:matriz|estado_leds[4][3]           ;
; fluxo_dados:fluxo_dados|matriz_leds:matriz|estado_leds[1][3] ; Merged with fluxo_dados:fluxo_dados|matriz_leds:matriz|estado_leds[4][3]           ;
; fluxo_dados:fluxo_dados|matriz_leds:matriz|estado_leds[0][4] ; Merged with fluxo_dados:fluxo_dados|matriz_leds:matriz|estado_leds[4][3]           ;
; fluxo_dados:fluxo_dados|matriz_leds:matriz|estado_leds[0][3] ; Merged with fluxo_dados:fluxo_dados|matriz_leds:matriz|estado_leds[4][3]           ;
; fluxo_dados:fluxo_dados|matriz_leds:matriz|estado_leds[2][1] ; Merged with fluxo_dados:fluxo_dados|matriz_leds:matriz|estado_leds[2][2]           ;
; fluxo_dados:fluxo_dados|matriz_leds:matriz|estado_leds[2][0] ; Merged with fluxo_dados:fluxo_dados|matriz_leds:matriz|estado_leds[2][2]           ;
; fluxo_dados:fluxo_dados|matriz_leds:matriz|estado_leds[1][2] ; Merged with fluxo_dados:fluxo_dados|matriz_leds:matriz|estado_leds[2][2]           ;
; fluxo_dados:fluxo_dados|matriz_leds:matriz|estado_leds[1][1] ; Merged with fluxo_dados:fluxo_dados|matriz_leds:matriz|estado_leds[2][2]           ;
; fluxo_dados:fluxo_dados|matriz_leds:matriz|estado_leds[1][0] ; Merged with fluxo_dados:fluxo_dados|matriz_leds:matriz|estado_leds[2][2]           ;
; fluxo_dados:fluxo_dados|matriz_leds:matriz|estado_leds[0][2] ; Merged with fluxo_dados:fluxo_dados|matriz_leds:matriz|estado_leds[2][2]           ;
; fluxo_dados:fluxo_dados|matriz_leds:matriz|estado_leds[0][1] ; Merged with fluxo_dados:fluxo_dados|matriz_leds:matriz|estado_leds[2][2]           ;
; fluxo_dados:fluxo_dados|matriz_leds:matriz|estado_leds[0][0] ; Merged with fluxo_dados:fluxo_dados|matriz_leds:matriz|estado_leds[2][2]           ;
; fluxo_dados:fluxo_dados|registrador_8:reg_botoes|IQ[7]       ; Merged with fluxo_dados:fluxo_dados|edge_detector_global:edging|botoes_anterior[7] ;
; fluxo_dados:fluxo_dados|registrador_8:reg_botoes|IQ[6]       ; Merged with fluxo_dados:fluxo_dados|edge_detector_global:edging|botoes_anterior[6] ;
; fluxo_dados:fluxo_dados|registrador_8:reg_botoes|IQ[5]       ; Merged with fluxo_dados:fluxo_dados|edge_detector_global:edging|botoes_anterior[5] ;
; fluxo_dados:fluxo_dados|registrador_8:reg_botoes|IQ[4]       ; Merged with fluxo_dados:fluxo_dados|edge_detector_global:edging|botoes_anterior[4] ;
; fluxo_dados:fluxo_dados|registrador_8:reg_botoes|IQ[3]       ; Merged with fluxo_dados:fluxo_dados|edge_detector_global:edging|botoes_anterior[3] ;
; fluxo_dados:fluxo_dados|registrador_8:reg_botoes|IQ[2]       ; Merged with fluxo_dados:fluxo_dados|edge_detector_global:edging|botoes_anterior[2] ;
; fluxo_dados:fluxo_dados|registrador_8:reg_botoes|IQ[1]       ; Merged with fluxo_dados:fluxo_dados|edge_detector_global:edging|botoes_anterior[1] ;
; fluxo_dados:fluxo_dados|registrador_8:reg_botoes|IQ[0]       ; Merged with fluxo_dados:fluxo_dados|edge_detector_global:edging|botoes_anterior[0] ;
; unidade_controle:unidade_controle|Eatual~4                   ; Lost fanout                                                                        ;
; unidade_controle:unidade_controle|Eatual~5                   ; Lost fanout                                                                        ;
; unidade_controle:unidade_controle|Eatual~6                   ; Lost fanout                                                                        ;
; unidade_controle:unidade_controle|Eatual~7                   ; Lost fanout                                                                        ;
; unidade_controle:unidade_controle|Eatual~8                   ; Lost fanout                                                                        ;
; Total Number of Removed Registers = 69                       ;                                                                                    ;
+--------------------------------------------------------------+------------------------------------------------------------------------------------+


+------------------------------------------------------+
; General Register Statistics                          ;
+----------------------------------------------+-------+
; Statistic                                    ; Value ;
+----------------------------------------------+-------+
; Total registers                              ; 43    ;
; Number of registers using Synchronous Clear  ; 0     ;
; Number of registers using Synchronous Load   ; 0     ;
; Number of registers using Asynchronous Clear ; 32    ;
; Number of registers using Asynchronous Load  ; 0     ;
; Number of registers using Clock Enable       ; 3     ;
; Number of registers using Preset             ; 0     ;
+----------------------------------------------+-------+


+---------------------------------------------------------------------+
; Inverted Register Statistics                                        ;
+-----------------------------------------------------------+---------+
; Inverted Register                                         ; Fan out ;
+-----------------------------------------------------------+---------+
; fluxo_dados:fluxo_dados|matriz_leds:matriz|linha_atual[0] ; 10      ;
; Total number of inverted registers = 1                    ;         ;
+-----------------------------------------------------------+---------+


+-----------------------------------------------------------------------------------------------------------------------------------------------------------------------------------------------+
; Multiplexer Restructuring Statistics (Restructuring Performed)                                                                                                                                ;
+--------------------+-----------+---------------+----------------------+------------------------+------------+---------------------------------------------------------------------------------+
; Multiplexer Inputs ; Bus Width ; Baseline Area ; Area if Restructured ; Saving if Restructured ; Registered ; Example Multiplexer Output                                                      ;
+--------------------+-----------+---------------+----------------------+------------------------+------------+---------------------------------------------------------------------------------+
; 3:1                ; 3 bits    ; 6 LEs         ; 3 LEs                ; 3 LEs                  ; Yes        ; |jogo_desafio_memoria|fluxo_dados:fluxo_dados|contador_163:contador_nivel|Q[2]  ;
; 13:1               ; 7 bits    ; 56 LEs        ; 14 LEs               ; 42 LEs                 ; Yes        ; |jogo_desafio_memoria|fluxo_dados:fluxo_dados|matriz_leds:matriz|linha_atual[7] ;
; 3:1                ; 2 bits    ; 4 LEs         ; 4 LEs                ; 0 LEs                  ; No         ; |jogo_desafio_memoria|fluxo_dados:fluxo_dados|matriz_leds:matriz|Mux13          ;
+--------------------+-----------+---------------+----------------------+------------------------+------------+---------------------------------------------------------------------------------+


+--------------------------------------------------------------------------------+
; Parameter Settings for User Entity Instance: unidade_controle:unidade_controle ;
+--------------------+-------+---------------------------------------------------+
; Parameter Name     ; Value ; Type                                              ;
+--------------------+-------+---------------------------------------------------+
; inicial            ; 00000 ; Unsigned Binary                                   ;
; preparacao         ; 00001 ; Unsigned Binary                                   ;
; inic_nivel         ; 00010 ; Unsigned Binary                                   ;
; jogando            ; 00011 ; Unsigned Binary                                   ;
; checa_ultimo_nivel ; 00100 ; Unsigned Binary                                   ;
; proximo_nivel      ; 00101 ; Unsigned Binary                                   ;
; est_ganhou         ; 00110 ; Unsigned Binary                                   ;
+--------------------+-------+---------------------------------------------------+
Note: In order to hide this table in the UI and the text report file, please set the "Show Parameter Settings in Synthesis Report" option in "Analysis and Synthesis Settings -> More Settings" to "Off".


+------------------------------------------------------------------------------+
; Port Connectivity Checks: "fluxo_dados:fluxo_dados|registrador_8:reg_botoes" ;
+--------+-------+----------+--------------------------------------------------+
; Port   ; Type  ; Severity ; Details                                          ;
+--------+-------+----------+--------------------------------------------------+
; enable ; Input ; Info     ; Stuck at VCC                                     ;
+--------+-------+----------+--------------------------------------------------+


+------------------------------------------------------------------------------------+
; Port Connectivity Checks: "fluxo_dados:fluxo_dados|comparador_85:comparador_nivel" ;
+---------+--------+----------+------------------------------------------------------+
; Port    ; Type   ; Severity ; Details                                              ;
+---------+--------+----------+------------------------------------------------------+
; B[1..0] ; Input  ; Info     ; Stuck at GND                                         ;
; B[2]    ; Input  ; Info     ; Stuck at VCC                                         ;
; ALBi    ; Input  ; Info     ; Stuck at GND                                         ;
; AGBi    ; Input  ; Info     ; Stuck at GND                                         ;
; AEBi    ; Input  ; Info     ; Stuck at VCC                                         ;
; ALBo    ; Output ; Info     ; Explicitly unconnected                               ;
+---------+--------+----------+------------------------------------------------------+


+---------------------------------------------------------------------------------+
; Port Connectivity Checks: "fluxo_dados:fluxo_dados|contador_163:contador_nivel" ;
+------+--------+----------+------------------------------------------------------+
; Port ; Type   ; Severity ; Details                                              ;
+------+--------+----------+------------------------------------------------------+
; ld   ; Input  ; Info     ; Stuck at VCC                                         ;
; ent  ; Input  ; Info     ; Stuck at VCC                                         ;
; D    ; Input  ; Info     ; Stuck at GND                                         ;
; rco  ; Output ; Info     ; Explicitly unconnected                               ;
+------+--------+----------+------------------------------------------------------+


+-----------------------------------------------------+
; Post-Synthesis Netlist Statistics for Top Partition ;
+-----------------------+-----------------------------+
; Type                  ; Count                       ;
+-----------------------+-----------------------------+
; arriav_ff             ; 43                          ;
;     CLR               ; 32                          ;
;     ENA               ; 3                           ;
;     plain             ; 8                           ;
; arriav_lcell_comb     ; 94                          ;
;     normal            ; 94                          ;
;         1 data inputs ; 8                           ;
;         2 data inputs ; 21                          ;
;         3 data inputs ; 12                          ;
;         4 data inputs ; 19                          ;
;         5 data inputs ; 16                          ;
;         6 data inputs ; 18                          ;
; boundary_port         ; 49                          ;
;                       ;                             ;
; Max LUT depth         ; 3.00                        ;
; Average LUT depth     ; 1.72                        ;
+-----------------------+-----------------------------+


+-------------------------------+
; Elapsed Time Per Partition    ;
+----------------+--------------+
; Partition Name ; Elapsed Time ;
+----------------+--------------+
; Top            ; 00:00:00     ;
+----------------+--------------+


+-------------------------------+
; Analysis & Synthesis Messages ;
+-------------------------------+
Info: *******************************************************************
Info: Running Quartus Prime Analysis & Synthesis
    Info: Version 20.1.1 Build 720 11/11/2020 SJ Lite Edition
    Info: Processing started: Thu Mar 20 14:50:47 2025
Info: Command: quartus_map --read_settings_files=on --write_settings_files=off jogo_desafio_memoria -c jogo_desafio_memoria
Warning (18236): Number of processors has not been specified which may cause overloading on shared machines.  Set the global assignment NUM_PARALLEL_PROCESSORS in your QSF to an appropriate value for best performance.
Info (20030): Parallel compilation is enabled and will use 4 of the 4 processors detected
Info (12021): Found 1 design units, including 1 entities, in source file registrador_8.v
    Info (12023): Found entity 1: registrador_8 File: //wsl.localhost/Ubuntu/home/pacha/labdig/Puzzle-Matriz-LEDs/Quartus/jogo_desafio_memoria_restored/registrador_8.v Line: 13
Info (12021): Found 1 design units, including 1 entities, in source file unidade_controle.v
    Info (12023): Found entity 1: unidade_controle File: //wsl.localhost/Ubuntu/home/pacha/labdig/Puzzle-Matriz-LEDs/Quartus/jogo_desafio_memoria_restored/unidade_controle.v Line: 16
Info (12021): Found 1 design units, including 1 entities, in source file matriz_leds.v
    Info (12023): Found entity 1: matriz_leds File: //wsl.localhost/Ubuntu/home/pacha/labdig/Puzzle-Matriz-LEDs/Quartus/jogo_desafio_memoria_restored/matriz_leds.v Line: 9
Info (12021): Found 1 design units, including 1 entities, in source file jogo_desafio_memoria.v
    Info (12023): Found entity 1: jogo_desafio_memoria File: //wsl.localhost/Ubuntu/home/pacha/labdig/Puzzle-Matriz-LEDs/Quartus/jogo_desafio_memoria_restored/jogo_desafio_memoria.v Line: 5
Info (12021): Found 1 design units, including 1 entities, in source file hexa7seg_mod.v
    Info (12023): Found entity 1: hexa7seg_mod File: //wsl.localhost/Ubuntu/home/pacha/labdig/Puzzle-Matriz-LEDs/Quartus/jogo_desafio_memoria_restored/hexa7seg_mod.v Line: 1
Info (12021): Found 1 design units, including 1 entities, in source file hexa7seg_ent8bit.v
    Info (12023): Found entity 1: hexa7seg_ent8bit File: //wsl.localhost/Ubuntu/home/pacha/labdig/Puzzle-Matriz-LEDs/Quartus/jogo_desafio_memoria_restored/hexa7seg_ent8bit.v Line: 23
Info (12021): Found 1 design units, including 1 entities, in source file hexa7seg_ent3bit.v
    Info (12023): Found entity 1: hexa7seg_ent3bit File: //wsl.localhost/Ubuntu/home/pacha/labdig/Puzzle-Matriz-LEDs/Quartus/jogo_desafio_memoria_restored/hexa7seg_ent3bit.v Line: 23
Info (12021): Found 1 design units, including 1 entities, in source file fluxo_dados.v
    Info (12023): Found entity 1: fluxo_dados File: //wsl.localhost/Ubuntu/home/pacha/labdig/Puzzle-Matriz-LEDs/Quartus/jogo_desafio_memoria_restored/fluxo_dados.v Line: 11
Info (12021): Found 1 design units, including 1 entities, in source file edge_detector_global.v
    Info (12023): Found entity 1: edge_detector_global File: //wsl.localhost/Ubuntu/home/pacha/labdig/Puzzle-Matriz-LEDs/Quartus/jogo_desafio_memoria_restored/edge_detector_global.v Line: 1
Info (12021): Found 1 design units, including 1 entities, in source file contador_163.v
    Info (12023): Found entity 1: contador_163 File: //wsl.localhost/Ubuntu/home/pacha/labdig/Puzzle-Matriz-LEDs/Quartus/jogo_desafio_memoria_restored/contador_163.v Line: 16
Info (12021): Found 1 design units, including 1 entities, in source file comparador_85.v
    Info (12023): Found entity 1: comparador_85 File: //wsl.localhost/Ubuntu/home/pacha/labdig/Puzzle-Matriz-LEDs/Quartus/jogo_desafio_memoria_restored/comparador_85.v Line: 16
Info (12127): Elaborating entity "jogo_desafio_memoria" for the top level hierarchy
Info (12128): Elaborating entity "unidade_controle" for hierarchy "unidade_controle:unidade_controle" File: //wsl.localhost/Ubuntu/home/pacha/labdig/Puzzle-Matriz-LEDs/Quartus/jogo_desafio_memoria_restored/jogo_desafio_memoria.v Line: 42
Info (10264): Verilog HDL Case Statement information at unidade_controle.v(80): all case item expressions in this case statement are onehot File: //wsl.localhost/Ubuntu/home/pacha/labdig/Puzzle-Matriz-LEDs/Quartus/jogo_desafio_memoria_restored/unidade_controle.v Line: 80
Info (12128): Elaborating entity "fluxo_dados" for hierarchy "fluxo_dados:fluxo_dados" File: //wsl.localhost/Ubuntu/home/pacha/labdig/Puzzle-Matriz-LEDs/Quartus/jogo_desafio_memoria_restored/jogo_desafio_memoria.v Line: 58
Info (12128): Elaborating entity "contador_163" for hierarchy "fluxo_dados:fluxo_dados|contador_163:contador_nivel" File: //wsl.localhost/Ubuntu/home/pacha/labdig/Puzzle-Matriz-LEDs/Quartus/jogo_desafio_memoria_restored/fluxo_dados.v Line: 40
Info (12128): Elaborating entity "matriz_leds" for hierarchy "fluxo_dados:fluxo_dados|matriz_leds:matriz" File: //wsl.localhost/Ubuntu/home/pacha/labdig/Puzzle-Matriz-LEDs/Quartus/jogo_desafio_memoria_restored/fluxo_dados.v Line: 51
Info (12128): Elaborating entity "comparador_85" for hierarchy "fluxo_dados:fluxo_dados|comparador_85:comparador_nivel" File: //wsl.localhost/Ubuntu/home/pacha/labdig/Puzzle-Matriz-LEDs/Quartus/jogo_desafio_memoria_restored/fluxo_dados.v Line: 63
Info (12128): Elaborating entity "edge_detector_global" for hierarchy "fluxo_dados:fluxo_dados|edge_detector_global:edging" File: //wsl.localhost/Ubuntu/home/pacha/labdig/Puzzle-Matriz-LEDs/Quartus/jogo_desafio_memoria_restored/fluxo_dados.v Line: 71
Info (12128): Elaborating entity "registrador_8" for hierarchy "fluxo_dados:fluxo_dados|registrador_8:reg_botoes" File: //wsl.localhost/Ubuntu/home/pacha/labdig/Puzzle-Matriz-LEDs/Quartus/jogo_desafio_memoria_restored/fluxo_dados.v Line: 80
Info (12128): Elaborating entity "hexa7seg_ent3bit" for hierarchy "hexa7seg_ent3bit:HEX0" File: //wsl.localhost/Ubuntu/home/pacha/labdig/Puzzle-Matriz-LEDs/Quartus/jogo_desafio_memoria_restored/jogo_desafio_memoria.v Line: 64
Info (12128): Elaborating entity "hexa7seg_ent8bit" for hierarchy "hexa7seg_ent8bit:HEX1" File: //wsl.localhost/Ubuntu/home/pacha/labdig/Puzzle-Matriz-LEDs/Quartus/jogo_desafio_memoria_restored/jogo_desafio_memoria.v Line: 70
Info (10264): Verilog HDL Case Statement information at hexa7seg_ent8bit.v(41): all case item expressions in this case statement are onehot File: //wsl.localhost/Ubuntu/home/pacha/labdig/Puzzle-Matriz-LEDs/Quartus/jogo_desafio_memoria_restored/hexa7seg_ent8bit.v Line: 41
Info (12128): Elaborating entity "hexa7seg_mod" for hierarchy "hexa7seg_mod:HEX2" File: //wsl.localhost/Ubuntu/home/pacha/labdig/Puzzle-Matriz-LEDs/Quartus/jogo_desafio_memoria_restored/jogo_desafio_memoria.v Line: 76
Info (286030): Timing-Driven Synthesis is running
Info (17049): 5 registers lost all their fanouts during netlist optimizations.
Info (144001): Generated suppressed messages file //wsl.localhost/Ubuntu/home/pacha/labdig/Puzzle-Matriz-LEDs/Quartus/jogo_desafio_memoria_restored/output_files/jogo_desafio_memoria.map.smsg
Info (16010): Generating hard_block partition "hard_block:auto_generated_inst"
    Info (16011): Adding 0 node(s), including 0 DDIO, 0 PLL, 0 transceiver and 0 LCELL
Info (21057): Implemented 144 device resources after synthesis - the final resource count might be different
    Info (21058): Implemented 11 input pins
    Info (21059): Implemented 38 output pins
    Info (21061): Implemented 95 logic cells
Info: Quartus Prime Analysis & Synthesis was successful. 0 errors, 1 warning
    Info: Peak virtual memory: 4841 megabytes
    Info: Processing ended: Thu Mar 20 14:50:58 2025
    Info: Elapsed time: 00:00:11
    Info: Total CPU time (on all processors): 00:00:16


+------------------------------------------+
; Analysis & Synthesis Suppressed Messages ;
+------------------------------------------+
The suppressed messages can be found in //wsl.localhost/Ubuntu/home/pacha/labdig/Puzzle-Matriz-LEDs/Quartus/jogo_desafio_memoria_restored/output_files/jogo_desafio_memoria.map.smsg.


